This is pdfTeX, Version 3.14159265-2.6-1.40.20 (MiKTeX 2.9.7140 64-bit) (preloaded format=pdflatex 2019.12.16)  16 DEC 2019 21:53
entering extended mode
**./LaboratorioN09.tex
(LaboratorioN09.tex
LaTeX2e <2018-12-01>
("C:\Users\acer\AppData\Local\Programs\MiKTeX 2.9\tex/latex/base\article.cls"
Document Class: article 2018/09/03 v1.4i Standard LaTeX document class
("C:\Users\acer\AppData\Local\Programs\MiKTeX 2.9\tex/latex/base\size12.clo"
File: size12.clo 2018/09/03 v1.4i Standard LaTeX file (size option)
)
\c@part=\count80
\c@section=\count81
\c@subsection=\count82
\c@subsubsection=\count83
\c@paragraph=\count84
\c@subparagraph=\count85
\c@figure=\count86
\c@table=\count87
\abovecaptionskip=\skip41
\belowcaptionskip=\skip42
\bibindent=\dimen102
)
("C:\Users\acer\AppData\Local\Programs\MiKTeX 2.9\tex/latex/base\inputenc.sty"
Package: inputenc 2018/08/11 v1.3c Input encoding file
\inpenc@prehook=\toks14
\inpenc@posthook=\toks15
) ("C:\Users\acer\AppData\Local\Programs\MiKTeX 2.9\tex/generic/babel\babel.sty
"
Package: babel 2019/07/19 3.33 The Babel package
("C:\Users\acer\AppData\Local\Programs\MiKTeX 2.9\tex/generic/babel\switch.def"
File: switch.def 2019/07/19 3.33 Babel switching mechanism
)
*************************************
* Local config file bblopts.cfg used
*
("C:\Users\acer\AppData\Local\Programs\MiKTeX 2.9\tex/latex/arabi\bblopts.cfg"
File: bblopts.cfg 2005/09/08 v0.1 add Arabic and Farsi to "declared" options of
 babel
)
("C:\Users\acer\AppData\Local\Programs\MiKTeX 2.9\tex/latex/babel-spanish\spani
sh.ldf"
Language: spanish.ldf 2016/03/03 v5.0p Spanish support from the babel system

("C:\Users\acer\AppData\Local\Programs\MiKTeX 2.9\tex/generic/babel\babel.def"
File: babel.def 2019/07/19 3.33 Babel common definitions
\babel@savecnt=\count88
\U@D=\dimen103

("C:\Users\acer\AppData\Local\Programs\MiKTeX 2.9\tex/generic/babel\txtbabel.de
f")
\bbl@dirlevel=\count89
)
\es@quottoks=\toks16
\es@quotdepth=\count90
Package babel Info: Making " an active character on input line 561.
Package babel Info: Making . an active character on input line 662.
Package babel Info: Making < an active character on input line 707.
Package babel Info: Making > an active character on input line 707.
))
("C:\Users\acer\AppData\Local\Programs\MiKTeX 2.9\tex/latex/graphics\graphicx.s
ty"
Package: graphicx 2017/06/01 v1.1a Enhanced LaTeX Graphics (DPC,SPQR)

("C:\Users\acer\AppData\Local\Programs\MiKTeX 2.9\tex/latex/graphics\keyval.sty
"
Package: keyval 2014/10/28 v1.15 key=value parser (DPC)
\KV@toks@=\toks17
)
("C:\Users\acer\AppData\Local\Programs\MiKTeX 2.9\tex/latex/graphics\graphics.s
ty"
Package: graphics 2017/06/25 v1.2c Standard LaTeX Graphics (DPC,SPQR)

("C:\Users\acer\AppData\Local\Programs\MiKTeX 2.9\tex/latex/graphics\trig.sty"
Package: trig 2016/01/03 v1.10 sin cos tan (DPC)
)
("C:\Users\acer\AppData\Local\Programs\MiKTeX 2.9\tex/latex/graphics-cfg\graphi
cs.cfg"
File: graphics.cfg 2016/06/04 v1.11 sample graphics configuration
)
Package graphics Info: Driver file: pdftex.def on input line 99.

("C:\Users\acer\AppData\Local\Programs\MiKTeX 2.9\tex/latex/graphics-def\pdftex
.def"
File: pdftex.def 2018/01/08 v1.0l Graphics/color driver for pdftex
))
\Gin@req@height=\dimen104
\Gin@req@width=\dimen105
)
("C:\Users\acer\AppData\Local\Programs\MiKTeX 2.9\tex/latex/geometry\geometry.s
ty"
Package: geometry 2018/04/16 v5.8 Page Geometry

("C:\Users\acer\AppData\Local\Programs\MiKTeX 2.9\tex/generic/oberdiek\ifpdf.st
y"
Package: ifpdf 2018/09/07 v3.3 Provides the ifpdf switch
)
("C:\Users\acer\AppData\Local\Programs\MiKTeX 2.9\tex/generic/oberdiek\ifvtex.s
ty"
Package: ifvtex 2016/05/16 v1.6 Detect VTeX and its facilities (HO)
Package ifvtex Info: VTeX not detected.
)
("C:\Users\acer\AppData\Local\Programs\MiKTeX 2.9\tex/generic/ifxetex\ifxetex.s
ty"
Package: ifxetex 2010/09/12 v0.6 Provides ifxetex conditional
)
\Gm@cnth=\count91
\Gm@cntv=\count92
\c@Gm@tempcnt=\count93
\Gm@bindingoffset=\dimen106
\Gm@wd@mp=\dimen107
\Gm@odd@mp=\dimen108
\Gm@even@mp=\dimen109
\Gm@layoutwidth=\dimen110
\Gm@layoutheight=\dimen111
\Gm@layouthoffset=\dimen112
\Gm@layoutvoffset=\dimen113
\Gm@dimlist=\toks18

("C:\Users\acer\AppData\Local\Programs\MiKTeX 2.9\tex/latex/geometry\geometry.c
fg"))
("C:\Users\acer\AppData\Local\Programs\MiKTeX 2.9\tex/latex/float\float.sty"
Package: float 2001/11/08 v1.3d Float enhancements (AL)
\c@float@type=\count94
\float@exts=\toks19
\float@box=\box27
\@float@everytoks=\toks20
\@floatcapt=\box28
)
("C:\Users\acer\AppData\Local\Programs\MiKTeX 2.9\tex/latex/amsmath\amsmath.sty
"
Package: amsmath 2018/12/01 v2.17b AMS math features
\@mathmargin=\skip43

For additional information on amsmath, use the `?' option.
("C:\Users\acer\AppData\Local\Programs\MiKTeX 2.9\tex/latex/amsmath\amstext.sty
"
Package: amstext 2000/06/29 v2.01 AMS text
 ("C:\Users\acer\AppData\Local\Programs\MiKTeX 2.9\tex/latex/amsmath\amsgen.sty
"
File: amsgen.sty 1999/11/30 v2.0 generic functions
\@emptytoks=\toks21
\ex@=\dimen114
))
("C:\Users\acer\AppData\Local\Programs\MiKTeX 2.9\tex/latex/amsmath\amsbsy.sty"
Package: amsbsy 1999/11/29 v1.2d Bold Symbols
\pmbraise@=\dimen115
) ("C:\Users\acer\AppData\Local\Programs\MiKTeX 2.9\tex/latex/amsmath\amsopn.st
y"
Package: amsopn 2016/03/08 v2.02 operator names
)
\inf@bad=\count95
LaTeX Info: Redefining \frac on input line 223.
\uproot@=\count96
\leftroot@=\count97
LaTeX Info: Redefining \overline on input line 385.
\classnum@=\count98
\DOTSCASE@=\count99
LaTeX Info: Redefining \ldots on input line 482.
LaTeX Info: Redefining \dots on input line 485.
LaTeX Info: Redefining \cdots on input line 606.
\Mathstrutbox@=\box29
\strutbox@=\box30
\big@size=\dimen116
LaTeX Font Info:    Redeclaring font encoding OML on input line 729.
LaTeX Font Info:    Redeclaring font encoding OMS on input line 730.
\macc@depth=\count100
\c@MaxMatrixCols=\count101
\dotsspace@=\muskip10
\c@parentequation=\count102
\dspbrk@lvl=\count103
\tag@help=\toks22
\row@=\count104
\column@=\count105
\maxfields@=\count106
\andhelp@=\toks23
\eqnshift@=\dimen117
\alignsep@=\dimen118
\tagshift@=\dimen119
\tagwidth@=\dimen120
\totwidth@=\dimen121
\lineht@=\dimen122
\@envbody=\toks24
\multlinegap=\skip44
\multlinetaggap=\skip45
\mathdisplay@stack=\toks25
LaTeX Info: Redefining \[ on input line 2844.
LaTeX Info: Redefining \] on input line 2845.
)
("C:\Users\acer\AppData\Local\Programs\MiKTeX 2.9\tex/latex/tools\enumerate.sty
"
Package: enumerate 2015/07/23 v3.00 enumerate extensions (DPC)
\@enLab=\toks26
)
("C:\Users\acer\AppData\Local\Programs\MiKTeX 2.9\tex/latex/hyperref\hyperref.s
ty"
Package: hyperref 2019/06/12 v6.88h Hypertext links for LaTeX

("C:\Users\acer\AppData\Local\Programs\MiKTeX 2.9\tex/latex/hobsub\hobsub-hyper
ref.sty"
Package: hobsub-hyperref 2019-11-14
hobsub not currently supported, see hobsub.dtx to extract original code

("C:\Users\acer\AppData\Local\Programs\MiKTeX 2.9\tex/generic/oberdiek\ltxcmds.
sty"
Package: ltxcmds 2016/05/16 v1.23 LaTeX kernel commands for general use (HO)
)
("C:\Users\acer\AppData\Local\Programs\MiKTeX 2.9\tex/latex/pdftexcmds\pdftexcm
ds.sty"
Package: pdftexcmds 2019/11/24 v0.31 Utility functions of pdfTeX for LuaTeX (HO
)

("C:\Users\acer\AppData\Local\Programs\MiKTeX 2.9\tex/generic/oberdiek\infwarer
r.sty"
Package: infwarerr 2016/05/16 v1.4 Providing info/warning/error messages (HO)
)
("C:\Users\acer\AppData\Local\Programs\MiKTeX 2.9\tex/generic/iftex\iftex.sty"
Package: iftex 2019/11/07 v1.0c TeX engine tests
)
Package pdftexcmds Info: \pdf@primitive is available.
Package pdftexcmds Info: \pdf@ifprimitive is available.
Package pdftexcmds Info: \pdfdraftmode found.
)
("C:\Users\acer\AppData\Local\Programs\MiKTeX 2.9\tex/generic/oberdiek\kvsetkey
s.sty"
Package: kvsetkeys 2016/05/16 v1.17 Key value parser (HO)

("C:\Users\acer\AppData\Local\Programs\MiKTeX 2.9\tex/generic/oberdiek\etexcmds
.sty"
Package: etexcmds 2016/05/16 v1.6 Avoid name clashes with e-TeX commands (HO)

("C:\Users\acer\AppData\Local\Programs\MiKTeX 2.9\tex/generic/oberdiek\ifluatex
.sty"
Package: ifluatex 2016/05/16 v1.4 Provides the ifluatex switch (HO)


! Package ifluatex Error: Name clash, \ifluatex is already defined.

See the ifluatex package documentation for explanation.
Type  H <return>  for immediate help.
 ...                                              
                                                  
l.174     }
           %
Incompatible versions of \ifluatex can cause problems,
therefore package loading is aborted.

)))
("C:\Users\acer\AppData\Local\Programs\MiKTeX 2.9\tex/generic/oberdiek\kvdefine
keys.sty"
Package: kvdefinekeys 2016/05/16 v1.4 Define keys (HO)
)
("C:\Users\acer\AppData\Local\Programs\MiKTeX 2.9\tex/generic/oberdiek\pdfescap
e.sty"
Package: pdfescape 2016/05/16 v1.14 Implements pdfTeX's escape features (HO)
)
("C:\Users\acer\AppData\Local\Programs\MiKTeX 2.9\tex/latex/oberdiek\hycolor.st
y"
Package: hycolor 2016/05/16 v1.8 Color options for hyperref/bookmark (HO)

("C:\Users\acer\AppData\Local\Programs\MiKTeX 2.9\tex/latex/oberdiek\xcolor-pat
ch.sty"
Package: xcolor-patch 2016/05/16 xcolor patch

("C:\Users\acer\AppData\Local\Programs\MiKTeX 2.9\tex/latex/oberdiek\hopatch.st
y"
Package: hopatch 2016/05/16 v1.3 Wrapper for package hooks (HO)
)))
("C:\Users\acer\AppData\Local\Programs\MiKTeX 2.9\tex/latex/oberdiek\letltxmacr
o.sty"
Package: letltxmacro 2016/05/16 v1.5 Let assignment for LaTeX macros (HO)
))
("C:\Users\acer\AppData\Local\Programs\MiKTeX 2.9\tex/latex/oberdiek\auxhook.st
y"
Package: auxhook 2016/05/16 v1.4 Hooks for auxiliary files (HO)
)
("C:\Users\acer\AppData\Local\Programs\MiKTeX 2.9\tex/latex/oberdiek\kvoptions.
sty"
Package: kvoptions 2016/05/16 v3.12 Key value format for package options (HO)
)
\@linkdim=\dimen123
\Hy@linkcounter=\count107
\Hy@pagecounter=\count108

("C:\Users\acer\AppData\Local\Programs\MiKTeX 2.9\tex/latex/hyperref\pd1enc.def
"
File: pd1enc.def 2019/06/12 v6.88h Hyperref: PDFDocEncoding definition (HO)
Now handling font encoding PD1 ...
... no UTF-8 mapping file for font encoding PD1
)
("C:\Users\acer\AppData\Local\Programs\MiKTeX 2.9\tex/generic/oberdiek\intcalc.
sty"
Package: intcalc 2016/05/16 v1.2 Expandable calculations with integers (HO)
)
\Hy@SavedSpaceFactor=\count109

("C:\Users\acer\AppData\Local\Programs\MiKTeX 2.9\tex/latex/00miktex\hyperref.c
fg"
File: hyperref.cfg 2002/06/06 v1.2 hyperref configuration of TeXLive
)
Package hyperref Info: Hyper figures OFF on input line 4550.
Package hyperref Info: Link nesting OFF on input line 4555.
Package hyperref Info: Hyper index ON on input line 4558.
Package hyperref Info: Plain pages OFF on input line 4565.
Package hyperref Info: Backreferencing OFF on input line 4570.
Package hyperref Info: Implicit mode ON; LaTeX internals redefined.
Package hyperref Info: Bookmarks ON on input line 4803.
\c@Hy@tempcnt=\count110
 ("C:\Users\acer\AppData\Local\Programs\MiKTeX 2.9\tex/latex/url\url.sty"
\Urlmuskip=\muskip11
Package: url 2013/09/16  ver 3.4  Verb mode for urls, etc.
)
LaTeX Info: Redefining \url on input line 5156.
\XeTeXLinkMargin=\dimen124

("C:\Users\acer\AppData\Local\Programs\MiKTeX 2.9\tex/generic/oberdiek\bitset.s
ty"
Package: bitset 2016/05/16 v1.2 Handle bit-vector datatype (HO)

("C:\Users\acer\AppData\Local\Programs\MiKTeX 2.9\tex/generic/oberdiek\bigintca
lc.sty"
Package: bigintcalc 2016/05/16 v1.4 Expandable calculations on big integers (HO
)
))
\Fld@menulength=\count111
\Field@Width=\dimen125
\Fld@charsize=\dimen126
Package hyperref Info: Hyper figures OFF on input line 6411.
Package hyperref Info: Link nesting OFF on input line 6416.
Package hyperref Info: Hyper index ON on input line 6419.
Package hyperref Info: backreferencing OFF on input line 6426.
Package hyperref Info: Link coloring OFF on input line 6431.
Package hyperref Info: Link coloring with OCG OFF on input line 6436.
Package hyperref Info: PDF/A mode OFF on input line 6441.
LaTeX Info: Redefining \ref on input line 6481.
LaTeX Info: Redefining \pageref on input line 6485.

("C:\Users\acer\AppData\Local\Programs\MiKTeX 2.9\tex/generic/oberdiek\atbegshi
.sty"
Package: atbegshi 2016/06/09 v1.18 At begin shipout hook (HO)
)
\Hy@abspage=\count112
\c@Item=\count113
\c@Hfootnote=\count114
)
Package hyperref Info: Driver (autodetected): hpdftex.

("C:\Users\acer\AppData\Local\Programs\MiKTeX 2.9\tex/latex/hyperref\hpdftex.de
f"
File: hpdftex.def 2019/06/12 v6.88h Hyperref driver for pdfTeX

("C:\Users\acer\AppData\Local\Programs\MiKTeX 2.9\tex/latex/oberdiek\atveryend.
sty"
Package: atveryend 2016/05/16 v1.9 Hooks at the very end of document (HO)
Package atveryend Info: \enddocument detected (standard20110627).
)
\Fld@listcount=\count115
\c@bookmark@seq@number=\count116

("C:\Users\acer\AppData\Local\Programs\MiKTeX 2.9\tex/latex/oberdiek\rerunfilec
heck.sty"
Package: rerunfilecheck 2016/05/16 v1.8 Rerun checks for auxiliary files (HO)

("C:\Users\acer\AppData\Local\Programs\MiKTeX 2.9\tex/generic/oberdiek\uniqueco
unter.sty"
Package: uniquecounter 2016/05/16 v1.3 Provide unlimited unique counter (HO)
)
Package uniquecounter Info: New unique counter `rerunfilecheck' on input line 2
82.
)
\Hy@SectionHShift=\skip46
) (LaboratorioN09.aux
LaTeX Info: Redefining \. on input line 23.
LaTeX Info: Redefining \% on input line 23.
 (Secciones/Actividad01.aux)
(Secciones/Actividad02.aux))
\openout1 = `LaboratorioN09.aux'.

LaTeX Font Info:    Checking defaults for OML/cmm/m/it on input line 26.
LaTeX Font Info:    ... okay on input line 26.
LaTeX Font Info:    Checking defaults for T1/cmr/m/n on input line 26.
LaTeX Font Info:    ... okay on input line 26.
LaTeX Font Info:    Checking defaults for OT1/cmr/m/n on input line 26.
LaTeX Font Info:    ... okay on input line 26.
LaTeX Font Info:    Checking defaults for OMS/cmsy/m/n on input line 26.
LaTeX Font Info:    ... okay on input line 26.
LaTeX Font Info:    Checking defaults for OMX/cmex/m/n on input line 26.
LaTeX Font Info:    ... okay on input line 26.
LaTeX Font Info:    Checking defaults for U/cmr/m/n on input line 26.
LaTeX Font Info:    ... okay on input line 26.
LaTeX Font Info:    Checking defaults for PD1/pdf/m/n on input line 26.
LaTeX Font Info:    ... okay on input line 26.
LaTeX Info: Redefining \. on input line 26.
LaTeX Info: Redefining \% on input line 26.

("C:\Users\acer\AppData\Local\Programs\MiKTeX 2.9\tex/context/base/mkii\supp-pd
f.mkii"
[Loading MPS to PDF converter (version 2006.09.02).]
\scratchcounter=\count117
\scratchdimen=\dimen127
\scratchbox=\box31
\nofMPsegments=\count118
\nofMParguments=\count119
\everyMPshowfont=\toks27
\MPscratchCnt=\count120
\MPscratchDim=\dimen128
\MPnumerator=\count121
\makeMPintoPDFobject=\count122
\everyMPtoPDFconversion=\toks28
)
("C:\Users\acer\AppData\Local\Programs\MiKTeX 2.9\tex/latex/oberdiek\epstopdf-b
ase.sty"
Package: epstopdf-base 2016/05/15 v2.6 Base part for package epstopdf

("C:\Users\acer\AppData\Local\Programs\MiKTeX 2.9\tex/latex/oberdiek\grfext.sty
"
Package: grfext 2016/05/16 v1.2 Manage graphics extensions (HO)
)
Package epstopdf-base Info: Redefining graphics rule for `.eps' on input line 4
38.
Package grfext Info: Graphics extension search list:
(grfext)             [.pdf,.png,.jpg,.mps,.jpeg,.jbig2,.jb2,.PDF,.PNG,.JPG,.JPE
G,.JBIG2,.JB2,.eps]
(grfext)             \AppendGraphicsExtensions on input line 456.
)
*geometry* driver: auto-detecting
*geometry* detected driver: pdftex
*geometry* verbose mode - [ preamble ] result:
* driver: pdftex
* paper: letterpaper
* layout: <same size as paper>
* layoutoffset:(h,v)=(0.0pt,0.0pt)
* modes: 
* h-part:(L,W,R)=(56.9055pt, 500.484pt, 56.9055pt)
* v-part:(T,H,B)=(56.9055pt, 681.15898pt, 56.9055pt)
* \paperwidth=614.295pt
* \paperheight=794.96999pt
* \textwidth=500.484pt
* \textheight=681.15898pt
* \oddsidemargin=-15.36449pt
* \evensidemargin=-15.36449pt
* \topmargin=-52.36449pt
* \headheight=12.0pt
* \headsep=25.0pt
* \topskip=12.0pt
* \footskip=30.0pt
* \marginparwidth=44.0pt
* \marginparsep=10.0pt
* \columnsep=10.0pt
* \skip\footins=10.8pt plus 4.0pt minus 2.0pt
* \hoffset=0.0pt
* \voffset=0.0pt
* \mag=1000
* \@twocolumnfalse
* \@twosidefalse
* \@mparswitchfalse
* \@reversemarginfalse
* (1in=72.27pt=25.4mm, 1cm=28.453pt)

\AtBeginShipoutBox=\box32
Package hyperref Info: Link coloring OFF on input line 26.

("C:\Users\acer\AppData\Local\Programs\MiKTeX 2.9\tex/latex/hyperref\nameref.st
y"
Package: nameref 2016/05/21 v2.44 Cross-referencing by name of section

("C:\Users\acer\AppData\Local\Programs\MiKTeX 2.9\tex/latex/oberdiek\refcount.s
ty"
Package: refcount 2016/05/16 v3.5 Data extraction from label references (HO)
)
("C:\Users\acer\AppData\Local\Programs\MiKTeX 2.9\tex/generic/oberdiek\gettitle
string.sty"
Package: gettitlestring 2016/05/16 v1.5 Cleanup title references (HO)
)
\c@section@level=\count123
)
LaTeX Info: Redefining \ref on input line 26.
LaTeX Info: Redefining \pageref on input line 26.
LaTeX Info: Redefining \nameref on input line 26.
 (LaboratorioN09.out) (LaboratorioN09.out)
\@outlinefile=\write3
\openout3 = `LaboratorioN09.out'.

<./Imagenes/LogoUpt.jpg, id=35, 276.03125pt x 183.68625pt>
File: ./Imagenes/LogoUpt.jpg Graphic file (type jpg)
<use ./Imagenes/LogoUpt.jpg>
Package pdftex.def Info: ./Imagenes/LogoUpt.jpg  used on input line 38.
(pdftex.def)             Requested size: 227.62204pt x 151.47853pt.
 [1

{C:/Users/acer/AppData/Local/MiKTeX/2.9/pdftex/config/pdftex.map} <./Imagenes/L
ogoUpt.jpg>]
(LaboratorioN09.toc
LaTeX Info: Redefining \. on input line 1.
LaTeX Info: Redefining \% on input line 1.
)
\tf@toc=\write4
\openout4 = `LaboratorioN09.toc'.

pdfTeX warning (ext4): destination with the same identifier (name{page.1}) has 
been already used, duplicate ignored
<to be read again> 
                   \relax 
l.89 		\newpage
                [1]
\openout2 = `Secciones/Actividad01.aux'.

 (Secciones/Actividad01.tex)pdfTeX warning (ext4): destination with the same id
entifier (name{page.1}) has been already used, duplicate ignored
<to be read again> 
                   \relax 
l.91 				\include{Secciones/Actividad01}
                                         [1

]
\openout2 = `Secciones/Actividad02.aux'.

 (Secciones/Actividad02.tex
<./Imagenes/Mongo01.jpg, id=60, 560.8453pt x 255.20343pt>
File: ./Imagenes/Mongo01.jpg Graphic file (type jpg)
<use ./Imagenes/Mongo01.jpg>
Package pdftex.def Info: ./Imagenes/Mongo01.jpg  used on input line 11.
(pdftex.def)             Requested size: 284.52756pt x 129.46666pt.
<./Imagenes/Mongo02.jpg, id=61, 368.87813pt x 288.3272pt>
File: ./Imagenes/Mongo02.jpg Graphic file (type jpg)
<use ./Imagenes/Mongo02.jpg>
Package pdftex.def Info: ./Imagenes/Mongo02.jpg  used on input line 17.
(pdftex.def)             Requested size: 170.71652pt x 133.43723pt.
<./Imagenes/Mongo03.jpg, id=62, 435.12563pt x 51.19125pt>
File: ./Imagenes/Mongo03.jpg Graphic file (type jpg)
<use ./Imagenes/Mongo03.jpg>
Package pdftex.def Info: ./Imagenes/Mongo03.jpg  used on input line 25.
(pdftex.def)             Requested size: 284.52756pt x 33.47543pt.
<./Imagenes/Mongo04.jpg, id=63, 718.93594pt x 200.24812pt>
File: ./Imagenes/Mongo04.jpg Graphic file (type jpg)
<use ./Imagenes/Mongo04.jpg>
Package pdftex.def Info: ./Imagenes/Mongo04.jpg  used on input line 31.
(pdftex.def)             Requested size: 369.88582pt x 103.02963pt.
<./Imagenes/Mongo05.jpg, id=64, 536.0025pt x 220.57407pt>
File: ./Imagenes/Mongo05.jpg Graphic file (type jpg)
<use ./Imagenes/Mongo05.jpg>
Package pdftex.def Info: ./Imagenes/Mongo05.jpg  used on input line 38.
(pdftex.def)             Requested size: 369.88582pt x 152.21309pt.

[2


 <./Imagenes/Mongo01.jpg> <./Imagenes/Mongo02.jpg> <./Imagenes/Mongo03.jpg>]
<./Imagenes/Mongo07.jpg, id=70, 697.8572pt x 54.2025pt>
File: ./Imagenes/Mongo07.jpg Graphic file (type jpg)
<use ./Imagenes/Mongo07.jpg>
Package pdftex.def Info: ./Imagenes/Mongo07.jpg  used on input line 46.
(pdftex.def)             Requested size: 369.88582pt x 28.72884pt.

Overfull \hbox (19.34259pt too wide) in paragraph at lines 42--49
\OT1/cmr/m/n/12 27017 --db test --collection peo-ple --type json --file C:/User
s/AGONZALES/Documents/mongodb-
 []

File: ./Imagenes/Mongo05.jpg Graphic file (type jpg)
<use ./Imagenes/Mongo05.jpg>
Package pdftex.def Info: ./Imagenes/Mongo05.jpg  used on input line 55.
(pdftex.def)             Requested size: 369.88582pt x 152.21309pt.
[3 <./Imagenes/Mongo04.jpg> <./Imagenes/Mongo05.jpg> <./Imagenes/Mongo07.jpg>]
<./Imagenes/Mongo08.jpg, id=75, 549.55313pt x 100.12407pt>
File: ./Imagenes/Mongo08.jpg Graphic file (type jpg)
<use ./Imagenes/Mongo08.jpg>
Package pdftex.def Info: ./Imagenes/Mongo08.jpg  used on input line 62.
(pdftex.def)             Requested size: 369.88582pt x 67.39137pt.

Overfull \hbox (25.87714pt too wide) in paragraph at lines 59--65
[]\OT1/cmr/m/n/12 Para rea-li-zar con-sul-tas a la ba-se de da-tos, de-be-re-mo
s usar el co-man-do db.nombredecoleccion.find().
 []

<./Imagenes/Mongo09.jpg, id=76, 346.29375pt x 382.42876pt>
File: ./Imagenes/Mongo09.jpg Graphic file (type jpg)
<use ./Imagenes/Mongo09.jpg>
Package pdftex.def Info: ./Imagenes/Mongo09.jpg  used on input line 69.
(pdftex.def)             Requested size: 241.84842pt x 267.09142pt.
[4 <./Imagenes/Mongo08.jpg>]
<./Imagenes/Mongo010.jpg, id=81, 328.22626pt x 171.64125pt>
File: ./Imagenes/Mongo010.jpg Graphic file (type jpg)
<use ./Imagenes/Mongo010.jpg>
Package pdftex.def Info: ./Imagenes/Mongo010.jpg  used on input line 81.
(pdftex.def)             Requested size: 221.93158pt x 116.05711pt.
<./Imagenes/Mongo011.jpg, id=82, 414.79968pt x 194.22563pt>
File: ./Imagenes/Mongo011.jpg Graphic file (type jpg)
<use ./Imagenes/Mongo011.jpg>
Package pdftex.def Info: ./Imagenes/Mongo011.jpg  used on input line 93.
(pdftex.def)             Requested size: 284.52756pt x 133.23045pt.
 [5 <./Imagenes/Mongo09.jpg> <./Imagenes/Mongo010.jpg>]
<./Imagenes/Mongo012.jpg, id=88, 578.91281pt x 86.57344pt>
File: ./Imagenes/Mongo012.jpg Graphic file (type jpg)
<use ./Imagenes/Mongo012.jpg>
Package pdftex.def Info: ./Imagenes/Mongo012.jpg  used on input line 107.
(pdftex.def)             Requested size: 369.88582pt x 55.31433pt.
<./Imagenes/Mongo013.jpg, id=89, 615.0478pt x 24.84282pt>
File: ./Imagenes/Mongo013.jpg Graphic file (type jpg)
<use ./Imagenes/Mongo013.jpg>
Package pdftex.def Info: ./Imagenes/Mongo013.jpg  used on input line 119.
(pdftex.def)             Requested size: 369.88582pt x 14.94029pt.
<./Imagenes/Mongo014.jpg, id=90, 617.30624pt x 155.07938pt>
File: ./Imagenes/Mongo014.jpg Graphic file (type jpg)
<use ./Imagenes/Mongo014.jpg>
Package pdftex.def Info: ./Imagenes/Mongo014.jpg  used on input line 131.
(pdftex.def)             Requested size: 369.88582pt x 92.92528pt.
 [6 <./Imagenes/Mongo011.jpg> <./Imagenes/Mongo012.jpg> <./Imagenes/Mongo013.jp
g>]
<./Imagenes/Mongo015.jpg, id=95, 636.12656pt x 253.69781pt>
File: ./Imagenes/Mongo015.jpg Graphic file (type jpg)
<use ./Imagenes/Mongo015.jpg>
Package pdftex.def Info: ./Imagenes/Mongo015.jpg  used on input line 142.
(pdftex.def)             Requested size: 369.88582pt x 147.51645pt.
<./Imagenes/Mongo016.jpg, id=96, 484.05844pt x 44.41594pt>
File: ./Imagenes/Mongo016.jpg Graphic file (type jpg)
<use ./Imagenes/Mongo016.jpg>
Package pdftex.def Info: ./Imagenes/Mongo016.jpg  used on input line 150.
(pdftex.def)             Requested size: 369.88582pt x 33.94147pt.
<./Imagenes/Mongo017.jpg, id=97, 654.94687pt x 322.20375pt>
File: ./Imagenes/Mongo017.jpg Graphic file (type jpg)
<use ./Imagenes/Mongo017.jpg>
Package pdftex.def Info: ./Imagenes/Mongo017.jpg  used on input line 162.
(pdftex.def)             Requested size: 426.79134pt x 209.96092pt.


! LaTeX Error: \begin{itemize} on input line 3 ended by \end{enumerate}.

See the LaTeX manual or LaTeX Companion for explanation.
Type  H <return>  for immediate help.
 ...                                              
                                                  
l.166 \end{enumerate}
                     
Your command was ignored.
Type  I <command> <return>  to replace it with another command,
or  <return>  to continue without it.


! LaTeX Error: \begin{document} ended by \end{itemize}.

See the LaTeX manual or LaTeX Companion for explanation.
Type  H <return>  for immediate help.
 ...                                              
                                                  
l.168 \end{itemize}
                   
Your command was ignored.
Type  I <command> <return>  to replace it with another command,
or  <return>  to continue without it.

! Extra \endgroup.
<recently read> \endgroup 
                          
l.168 \end{itemize}
                   
Things are pretty mixed up, but I think the worst is over.

) [7 <./Imagenes/Mongo014.jpg> <./Imagenes/Mongo015.jpg> <./Imagenes/Mongo016.j
pg>] [8 <./Imagenes/Mongo017.jpg>]
Package atveryend Info: Empty hook `BeforeClearDocument' on input line 93.
Package atveryend Info: Empty hook `AfterLastShipout' on input line 93.
 (LaboratorioN09.aux
LaTeX Info: Redefining \. on input line 23.
LaTeX Info: Redefining \% on input line 23.

(Secciones/Actividad01.aux) (Secciones/Actividad02.aux))
Package atveryend Info: Executing hook `AtVeryEndDocument' on input line 93.
Package atveryend Info: Executing hook `AtEndAfterFileList' on input line 93.
Package rerunfilecheck Info: File `LaboratorioN09.out' has not changed.
(rerunfilecheck)             Checksum: 54FD3DCCC5666E1C1614729A44D6E6B9;565.
Package atveryend Info: Empty hook `AtVeryVeryEnd' on input line 93.
 ) 
Here is how much of TeX's memory you used:
 7307 strings out of 492895
 111218 string characters out of 3124201
 215269 words of memory out of 3000000
 11039 multiletter control sequences out of 15000+200000
 8737 words of font info for 32 fonts, out of 3000000 for 9000
 1141 hyphenation exceptions out of 8191
 41i,6n,32p,408b,458s stack positions out of 5000i,500n,10000p,200000b,50000s
<C:/Users/acer/AppData/Local/Programs/MiKTeX 2.9/fonts/type1/public/amsfonts/
cm/cmbx12.pfb><C:/Users/acer/AppData/Local/Programs/MiKTeX 2.9/fonts/type1/publ
ic/amsfonts/cm/cmr12.pfb><C:/Users/acer/AppData/Local/Programs/MiKTeX 2.9/fonts
/type1/public/amsfonts/cm/cmsy10.pfb><C:/Users/acer/AppData/Local/Programs/MiKT
eX 2.9/fonts/type1/public/amsfonts/cm/cmtt12.pfb>
Output written on LaboratorioN09.pdf (10 pages, 1034745 bytes).
PDF statistics:
 126 PDF objects out of 1000 (max. 8388607)
 18 named destinations out of 1000 (max. 500000)
 150 words of extra memory for PDF output out of 10000 (max. 10000000)

